<?xml version="1.0" encoding="UTF-8"?>
<!-- Generated by org.testng.reporters.JUnitReportReporter -->
<testsuite hostname="Ameet" failures="0" tests="1" name="testcases.RestAssured_TestCases_PL2" time="14.159" errors="0" timestamp="2025-01-03T18:11:35 IST" skipped="0">
  <testcase classname="testcases.RestAssured_TestCases_PL2" name="GetSignatoriesByDepartment" time="14.159"/>
</testsuite> <!-- testcases.RestAssured_TestCases_PL2 -->
